<?xml version="1.0" encoding="UTF-8"?>
<!-- Generated by org.testng.reporters.JUnitReportReporter -->
<testsuite hostname="DESKTOP-FN93Q4J" failures="0" tests="10" name="test.LogIn" time="78.764" errors="0" timestamp="2024-02-08T09:36:09 GMT-08:00" skipped="0">
  <testcase classname="test.LogIn" name="tc03" time="10.235"/>
  <testcase classname="test.LogIn" name="tc08" time="7.204"/>
  <testcase classname="test.LogIn" name="tc02" time="5.417"/>
  <testcase classname="test.LogIn" name="tc04" time="9.882"/>
  <testcase classname="test.LogIn" name="tc10" time="6.103"/>
  <testcase classname="test.LogIn" name="tc06" time="5.989"/>
  <testcase classname="test.LogIn" name="tc09" time="10.083"/>
  <testcase classname="test.LogIn" name="tc01" time="8.198"/>
  <testcase classname="test.LogIn" name="tc07" time="10.348"/>
  <testcase classname="test.LogIn" name="tc05" time="5.305"/>
</testsuite> <!-- test.LogIn -->
